mode: atomic
github.com/antham/envh/cast.go:7.59,8.24 1 63
github.com/antham/envh/cast.go:8.24,10.3 1 49
github.com/antham/envh/cast.go:12.2,12.36 1 14
github.com/antham/envh/cast.go:15.53,18.9 2 57
github.com/antham/envh/cast.go:18.9,20.3 1 15
github.com/antham/envh/cast.go:22.2,24.16 2 42
github.com/antham/envh/cast.go:24.16,26.3 1 12
github.com/antham/envh/cast.go:28.2,28.15 1 30
github.com/antham/envh/cast.go:31.59,34.9 2 43
github.com/antham/envh/cast.go:34.9,36.3 1 14
github.com/antham/envh/cast.go:38.2,40.16 2 29
github.com/antham/envh/cast.go:40.16,42.3 1 11
github.com/antham/envh/cast.go:44.2,44.24 1 18
github.com/antham/envh/cast.go:47.55,50.9 2 39
github.com/antham/envh/cast.go:50.9,52.3 1 13
github.com/antham/envh/cast.go:54.2,56.16 2 26
github.com/antham/envh/cast.go:56.16,58.3 1 11
github.com/antham/envh/cast.go:60.2,60.15 1 15
github.com/antham/envh/env.go:16.19,18.2 1 25
github.com/antham/envh/env.go:21.38,24.28 2 2
github.com/antham/envh/env.go:24.28,26.3 1 239
github.com/antham/envh/env.go:28.2,28.16 1 2
github.com/antham/envh/env.go:32.36,35.25 2 2
github.com/antham/envh/env.go:35.25,37.3 1 239
github.com/antham/envh/env.go:39.2,39.16 1 2
github.com/antham/envh/env.go:44.52,45.41 1 3
github.com/antham/envh/env.go:45.41,49.3 2 3
github.com/antham/envh/env.go:56.52,57.49 1 3
github.com/antham/envh/env.go:57.49,61.3 2 3
github.com/antham/envh/env.go:61.17,63.3 1 2
github.com/antham/envh/env.go:65.2,65.11 1 1
github.com/antham/envh/env.go:70.46,71.38 1 5
github.com/antham/envh/env.go:71.38,75.3 2 5
github.com/antham/envh/env.go:82.46,83.46 1 5
github.com/antham/envh/env.go:83.46,87.3 2 5
github.com/antham/envh/env.go:87.17,89.3 1 2
github.com/antham/envh/env.go:91.2,91.10 1 3
github.com/antham/envh/env.go:96.52,97.40 1 5
github.com/antham/envh/env.go:97.40,101.3 2 5
github.com/antham/envh/env.go:108.52,109.48 1 5
github.com/antham/envh/env.go:109.48,113.3 2 5
github.com/antham/envh/env.go:113.17,115.3 1 2
github.com/antham/envh/env.go:117.2,117.10 1 3
github.com/antham/envh/env.go:122.48,123.39 1 5
github.com/antham/envh/env.go:123.39,127.3 2 5
github.com/antham/envh/env.go:134.48,135.47 1 5
github.com/antham/envh/env.go:135.47,139.3 2 5
github.com/antham/envh/env.go:139.17,141.3 1 2
github.com/antham/envh/env.go:143.2,143.14 1 3
github.com/antham/envh/env.go:148.65,153.16 3 4
github.com/antham/envh/env.go:153.16,155.3 1 2
github.com/antham/envh/env.go:157.2,157.28 1 2
github.com/antham/envh/env.go:157.28,158.23 1 241
github.com/antham/envh/env.go:158.23,160.4 1 4
github.com/antham/envh/env.go:163.2,163.21 1 2
github.com/antham/envh/env.go:170.65,175.16 3 4
github.com/antham/envh/env.go:175.16,177.3 1 2
github.com/antham/envh/env.go:179.2,179.28 1 2
github.com/antham/envh/env.go:179.28,180.23 1 241
github.com/antham/envh/env.go:180.23,182.4 1 4
github.com/antham/envh/env.go:185.2,185.16 1 2
github.com/antham/envh/env_tree.go:18.64,21.16 2 75
github.com/antham/envh/env_tree.go:21.16,23.3 1 1
github.com/antham/envh/env_tree.go:25.2,27.24 2 74
github.com/antham/envh/env_tree.go:32.65,34.2 1 45
github.com/antham/envh/env_tree.go:40.65,41.82 1 4
github.com/antham/envh/env_tree.go:41.82,43.3 1 2
github.com/antham/envh/env_tree.go:45.2,45.11 1 2
github.com/antham/envh/env_tree.go:50.59,52.2 1 31
github.com/antham/envh/env_tree.go:58.59,59.79 1 6
github.com/antham/envh/env_tree.go:59.79,61.3 1 2
github.com/antham/envh/env_tree.go:63.2,63.10 1 4
github.com/antham/envh/env_tree.go:68.65,70.2 1 17
github.com/antham/envh/env_tree.go:76.65,77.81 1 6
github.com/antham/envh/env_tree.go:77.81,79.3 1 2
github.com/antham/envh/env_tree.go:81.2,81.10 1 4
github.com/antham/envh/env_tree.go:86.61,88.2 1 13
github.com/antham/envh/env_tree.go:94.61,95.80 1 6
github.com/antham/envh/env_tree.go:95.80,97.3 1 2
github.com/antham/envh/env_tree.go:99.2,99.14 1 4
github.com/antham/envh/env_tree.go:103.61,107.2 2 4
github.com/antham/envh/env_tree.go:112.68,115.13 2 6
github.com/antham/envh/env_tree.go:115.13,117.3 1 2
github.com/antham/envh/env_tree.go:119.2,119.24 1 4
github.com/antham/envh/env_tree.go:126.68,129.13 2 5
github.com/antham/envh/env_tree.go:129.13,131.3 1 1
github.com/antham/envh/env_tree.go:133.2,133.19 1 4
github.com/antham/envh/env_tree.go:141.67,142.63 1 42
github.com/antham/envh/env_tree.go:142.63,144.3 1 40
github.com/antham/envh/env_tree.go:146.2,146.47 1 2
github.com/antham/envh/env_tree.go:153.67,154.63 1 5
github.com/antham/envh/env_tree.go:154.63,156.3 1 3
github.com/antham/envh/env_tree.go:158.2,158.18 1 2
github.com/antham/envh/env_tree.go:164.73,167.13 2 6
github.com/antham/envh/env_tree.go:167.13,169.3 1 2
github.com/antham/envh/env_tree.go:171.2,173.31 2 4
github.com/antham/envh/env_tree.go:173.31,175.3 1 10
github.com/antham/envh/env_tree.go:177.2,177.18 1 4
github.com/antham/envh/env_tree.go:184.73,187.13 2 5
github.com/antham/envh/env_tree.go:187.13,189.3 1 2
github.com/antham/envh/env_tree.go:191.2,193.31 2 3
github.com/antham/envh/env_tree.go:193.31,195.3 1 7
github.com/antham/envh/env_tree.go:197.2,197.13 1 3
github.com/antham/envh/env_tree.go:201.45,204.36 2 7
github.com/antham/envh/env_tree.go:204.36,206.3 1 23
github.com/antham/envh/env_tree.go:208.2,208.13 1 7
github.com/antham/envh/env_tree.go:213.46,215.2 1 4
github.com/antham/envh/env_tree.go:221.46,222.56 1 4
github.com/antham/envh/env_tree.go:222.56,224.3 1 2
github.com/antham/envh/env_tree.go:226.2,226.11 1 2
github.com/antham/envh/env_tree.go:231.40,233.2 1 5
github.com/antham/envh/env_tree.go:239.40,240.53 1 5
github.com/antham/envh/env_tree.go:240.53,242.3 1 2
github.com/antham/envh/env_tree.go:244.2,244.10 1 3
github.com/antham/envh/env_tree.go:249.46,251.2 1 5
github.com/antham/envh/env_tree.go:257.46,258.55 1 5
github.com/antham/envh/env_tree.go:258.55,260.3 1 2
github.com/antham/envh/env_tree.go:262.2,262.10 1 3
github.com/antham/envh/env_tree.go:267.42,269.2 1 5
github.com/antham/envh/env_tree.go:275.42,276.54 1 5
github.com/antham/envh/env_tree.go:276.54,278.3 1 2
github.com/antham/envh/env_tree.go:280.2,280.14 1 3
github.com/antham/envh/env_tree.go:285.34,287.2 1 4
github.com/antham/envh/env_tree.go:290.34,292.2 1 3
github.com/antham/envh/env_tree.go:299.62,301.2 1 4
github.com/antham/envh/env_tree.go:308.76,310.2 1 2
github.com/antham/envh/env_tree.go:312.55,313.31 1 38
github.com/antham/envh/env_tree.go:313.31,314.25 1 38
github.com/antham/envh/env_tree.go:314.25,316.4 1 22
github.com/antham/envh/env_tree.go:318.3,318.19 1 16
github.com/antham/envh/env_tree.go:322.78,323.58 1 577
github.com/antham/envh/env_tree.go:323.58,326.13 2 2010
github.com/antham/envh/env_tree.go:326.13,328.4 1 1079
github.com/antham/envh/env_tree.go:328.9,333.4 4 931
github.com/antham/envh/env_tree.go:336.2,337.23 2 577
github.com/antham/envh/env_tree.go:340.91,343.39 2 77
github.com/antham/envh/env_tree.go:343.39,344.27 1 11802
github.com/antham/envh/env_tree.go:344.27,346.4 1 577
github.com/antham/envh/env_tree.go:349.2,349.17 1 77
github.com/antham/envh/env_tree.go:352.83,353.31 1 128
github.com/antham/envh/env_tree.go:353.31,356.14 2 128
github.com/antham/envh/env_tree.go:356.14,358.4 1 32
github.com/antham/envh/env_tree.go:360.3,360.23 1 96
github.com/antham/envh/error.go:13.47,15.2 1 26
github.com/antham/envh/error.go:23.43,25.2 1 6
github.com/antham/envh/error.go:34.40,36.2 1 19
github.com/antham/envh/error.go:45.41,47.2 1 3
github.com/antham/envh/node.go:10.22,12.2 1 1022
github.com/antham/envh/node.go:14.71,18.6 3 7
github.com/antham/envh/node.go:18.6,21.30 2 28
github.com/antham/envh/node.go:21.30,22.23 1 61
github.com/antham/envh/node.go:22.23,23.49 1 10
github.com/antham/envh/node.go:23.49,25.6 1 9
github.com/antham/envh/node.go:28.4,28.43 1 61
github.com/antham/envh/node.go:31.3,33.22 2 28
github.com/antham/envh/node.go:33.22,35.4 1 7
github.com/antham/envh/node.go:39.69,40.25 1 206
github.com/antham/envh/node.go:40.25,42.3 1 1
github.com/antham/envh/node.go:44.2,46.32 2 205
github.com/antham/envh/node.go:46.32,49.14 2 604
github.com/antham/envh/node.go:49.14,51.4 1 48
github.com/antham/envh/node.go:53.3,53.17 1 556
github.com/antham/envh/node.go:56.2,56.22 1 157
github.com/antham/envh/node.go:59.56,60.35 1 3557
github.com/antham/envh/node.go:60.35,61.23 1 4120
github.com/antham/envh/node.go:61.23,63.4 1 1637
github.com/antham/envh/node.go:66.2,66.19 1 1920
github.com/antham/envh/node.go:69.45,70.45 1 941
github.com/antham/envh/node.go:70.45,72.3 1 1
github.com/antham/envh/node.go:74.2,76.13 2 940
github.com/antham/envh/struct.go:25.99,28.35 2 16
github.com/antham/envh/struct.go:28.35,30.3 1 1
github.com/antham/envh/struct.go:32.2,32.39 1 15
github.com/antham/envh/struct.go:32.39,34.3 1 2
github.com/antham/envh/struct.go:36.2,38.12 2 13
github.com/antham/envh/struct.go:41.101,44.35 2 11
github.com/antham/envh/struct.go:44.35,46.3 1 1
github.com/antham/envh/struct.go:48.2,48.39 1 10
github.com/antham/envh/struct.go:48.39,50.3 1 1
github.com/antham/envh/struct.go:52.2,54.12 2 9
github.com/antham/envh/struct.go:57.102,60.35 2 30
github.com/antham/envh/struct.go:60.35,62.3 1 2
github.com/antham/envh/struct.go:64.2,66.12 2 28
github.com/antham/envh/struct.go:69.100,72.35 2 7
github.com/antham/envh/struct.go:72.35,74.3 1 2
github.com/antham/envh/struct.go:76.2,76.39 1 5
github.com/antham/envh/struct.go:76.39,78.3 1 1
github.com/antham/envh/struct.go:80.2,82.12 2 4
github.com/antham/envh/struct.go:85.128,86.27 1 80
github.com/antham/envh/struct.go:87.22,90.13 2 15
github.com/antham/envh/struct.go:91.19,92.62 1 16
github.com/antham/envh/struct.go:93.23,94.64 1 11
github.com/antham/envh/struct.go:95.22,96.65 1 30
github.com/antham/envh/struct.go:97.20,98.63 1 7
github.com/antham/envh/struct.go:99.10,100.98 1 1
github.com/antham/envh/struct.go:104.99,105.49 1 88
github.com/antham/envh/struct.go:105.49,107.3 1 34
github.com/antham/envh/struct.go:109.2,109.19 1 54
github.com/antham/envh/struct.go:112.106,124.38 9 35
github.com/antham/envh/struct.go:124.38,130.17 4 88
github.com/antham/envh/struct.go:130.17,132.4 1 3
github.com/antham/envh/struct.go:134.3,134.9 1 85
github.com/antham/envh/struct.go:134.9,135.12 1 5
github.com/antham/envh/struct.go:138.3,138.94 1 80
github.com/antham/envh/struct.go:138.94,140.4 1 11
github.com/antham/envh/struct.go:143.2,143.12 1 21
github.com/antham/envh/struct.go:146.47,148.2 1 22
github.com/antham/envh/struct.go:150.99,151.36 1 22
github.com/antham/envh/struct.go:151.36,153.3 1 2
github.com/antham/envh/struct.go:155.2,157.6 2 20
github.com/antham/envh/struct.go:157.6,160.17 2 35
github.com/antham/envh/struct.go:160.17,162.4 1 14
github.com/antham/envh/struct.go:164.3,164.24 1 21
github.com/antham/envh/struct.go:164.24,166.4 1 6
github.com/antham/envh/var.go:8.37,11.33 2 103
github.com/antham/envh/var.go:11.33,15.3 2 15163
github.com/antham/envh/var.go:17.2,17.17 1 103
